Path: http://localhost/inventory2/index.php?page=single_fab_stock&fab_rec_id=1&color=1&style=1
Date & Time: October 30, 2019, 9:55 am
Attempt: single_fab_stock Page View
-------------------------
Path: http://localhost/inventory2/index.php?page=fab_issue
Date & Time: October 30, 2019, 9:56 am
Attempt: fab_issue Page View
-------------------------
Path: http://localhost/inventory2/index.php?page=single_fab_stock&fab_rec_id=1&color=1&style=1
Date & Time: October 30, 2019, 10:24 am
Attempt: single_fab_stock Page View
-------------------------
Path: http://localhost/inventory2/index.php?page=single_fab_stock&fab_rec_id=1&color=1&style=1
Date & Time: October 30, 2019, 10:24 am
Attempt: single_fab_stock Page View
-------------------------
Path: http://localhost/inventory2/index.php?page=single_fab_stock&fab_rec_id=1&color=1&style=1
Date & Time: October 30, 2019, 10:24 am
Attempt: single_fab_stock Page View
-------------------------
Path: http://localhost/inventory2/index.php?page=single_fab_stock&fab_rec_id=1&color=1&style=1
Date & Time: October 30, 2019, 10:31 am
Attempt: single_fab_stock Page View
-------------------------
Path: http://localhost/inventory2/index.php?page=single_fab_stock&fab_rec_id=1&color=1&style=1
Date & Time: October 30, 2019, 10:34 am
Attempt: single_fab_stock Page View
-------------------------
Path: http://localhost/inventory2/index.php?page=single_fab_stock&fab_rec_id=1&color=1&style=1
Date & Time: October 30, 2019, 10:35 am
Attempt: single_fab_stock Page View
-------------------------
Path: http://localhost/inventory2/index.php?page=fabric_stock
Date & Time: October 30, 2019, 10:35 am
Attempt: fabric_stock Page View
-------------------------
Path: http://localhost/inventory2/index.php?page=single_fab_stock&fab_rec_id=1&color=2&style=1
Date & Time: October 30, 2019, 10:35 am
Attempt: single_fab_stock Page View
-------------------------
Path: http://localhost/inventory2/index.php?page=single_fab_stock&fab_rec_id=1&color=2&style=1
Date & Time: October 30, 2019, 10:36 am
Attempt: single_fab_stock Page View
-------------------------
Path: http://localhost/inventory2/index.php?page=single_fab_stock&fab_rec_id=1&color=2&style=1
Date & Time: October 30, 2019, 10:36 am
Attempt: single_fab_stock Page View
-------------------------
Path: http://localhost/inventory2/index.php?page=single_fab_stock&fab_rec_id=1&color=2&style=1
Date & Time: October 30, 2019, 10:37 am
Attempt: single_fab_stock Page View
-------------------------
Path: http://localhost/inventory2/index.php?page=single_fab_stock&fab_rec_id=1&color=2&style=1
Date & Time: October 30, 2019, 10:38 am
Attempt: single_fab_stock Page View
-------------------------
Path: http://localhost/inventory2/index.php?page=single_fab_stock&fab_rec_id=1&color=2&style=1
Date & Time: October 30, 2019, 10:38 am
Attempt: single_fab_stock Page View
-------------------------
Path: http://localhost/inventory2/index.php?page=fabric_stock
Date & Time: October 30, 2019, 10:39 am
Attempt: fabric_stock Page View
-------------------------
Path: http://localhost/inventory2/index.php?page=single_fab_stock&fab_rec_id=1&color=1&style=1
Date & Time: October 30, 2019, 10:39 am
Attempt: single_fab_stock Page View
-------------------------
Path: http://localhost/inventory2/index.php?page=single_fab_stock&fab_rec_id=1&color=1&style=1
Date & Time: October 30, 2019, 10:39 am
Attempt: single_fab_stock Page View
-------------------------
Path: http://localhost/inventory2/index.php?page=fabric_stock
Date & Time: October 30, 2019, 10:39 am
Attempt: fabric_stock Page View
-------------------------
Path: http://localhost/inventory2/index.php?page=single_fab_stock&fab_rec_id=1&color=2&style=1
Date & Time: October 30, 2019, 10:39 am
Attempt: single_fab_stock Page View
-------------------------
Path: http://localhost/inventory2/index.php?page=single_fab_stock&fab_rec_id=1&color=2&style=1
Date & Time: October 30, 2019, 10:40 am
Attempt: single_fab_stock Page View
-------------------------
Path: http://localhost/inventory2/index.php?page=fabric_stock
Date & Time: October 30, 2019, 10:40 am
Attempt: fabric_stock Page View
-------------------------
Path: http://localhost/inventory2/index.php?page=single_fab_stock&fab_rec_id=1&color=1&style=1
Date & Time: October 30, 2019, 10:40 am
Attempt: single_fab_stock Page View
-------------------------
Path: http://localhost/inventory2/index.php?page=fab_issue_other
Date & Time: October 30, 2019, 10:42 am
Attempt: fab_issue_other Page View
-------------------------
Path: http://localhost/inventory2/index.php?page=fab_issue_other
Date & Time: October 30, 2019, 10:44 am
Attempt: fab_issue_other Page View
-------------------------
Path: http://localhost/inventory2/index.php?page=fab_issue_other
Date & Time: October 30, 2019, 10:45 am
Attempt: fab_issue_other Page View
-------------------------
Path: http://localhost/inventory2/index.php?page=fab_issue_other
Date & Time: October 30, 2019, 10:45 am
Attempt: fab_issue_other Page View
-------------------------
Path: http://localhost/inventory2/index.php?page=fab_issue_other
Date & Time: October 30, 2019, 10:45 am
Attempt: fab_issue_other Page View
-------------------------
Path: http://localhost/inventory2/index.php?page=fab_issue_other
Date & Time: October 30, 2019, 10:46 am
Attempt: fab_issue_other Page View
-------------------------
Path: http://localhost/inventory2/index.php?page=fab_issue_other
Date & Time: October 30, 2019, 10:46 am
Attempt: fab_issue_other Page View
-------------------------
Path: http://localhost/inventory2/index.php?page=fab_issue_other
Date & Time: October 30, 2019, 10:47 am
Attempt: fab_issue_other Page View
-------------------------
Path: http://localhost/inventory2/index.php?page=fab_issue_other
Date & Time: October 30, 2019, 10:47 am
Attempt: fab_issue_other Page View
-------------------------
Path: http://localhost/inventory2/index.php?page=fab_issue_other
Date & Time: October 30, 2019, 10:48 am
Attempt: fab_issue_other Page View
-------------------------
Path: http://localhost/inventory2/index.php?page=fab_issue_other
Date & Time: October 30, 2019, 10:58 am
Attempt: fab_issue_other Page View
-------------------------
Path: http://localhost/inventory2/index.php?page=fab_issue_other
Date & Time: October 30, 2019, 10:59 am
Attempt: fab_issue_other Page View
-------------------------
Path: http://localhost/inventory2/index.php?page=fab_issue_other
Date & Time: October 30, 2019, 11:01 am
Attempt: fab_issue_other Page View
-------------------------
Path: http://localhost/inventory2/index.php?page=fabric_stock
Date & Time: October 30, 2019, 11:04 am
Attempt: fabric_stock Page View
-------------------------
Path: http://localhost/inventory2/index.php?page=single_fab_stock&fab_rec_id=1&color=1&style=1
Date & Time: October 30, 2019, 11:04 am
Attempt: single_fab_stock Page View
-------------------------
Path: http://localhost/inventory2/index.php?page=single_fab_stock&fab_rec_id=1&color=1&style=1
Date & Time: October 30, 2019, 11:04 am
Attempt: single_fab_stock Page View
-------------------------
Path: http://localhost/inventory2/index.php?page=fab_issue
Date & Time: October 30, 2019, 11:24 am
Attempt: fab_issue Page View
-------------------------
Path: http://localhost/inventory2/index.php?page=fab_issue
Date & Time: October 30, 2019, 11:28 am
Attempt: fab_issue Page View
-------------------------
Path: http://localhost/inventory2/index.php?page=fab_issue_other
Date & Time: October 30, 2019, 11:28 am
Attempt: fab_issue_other Page View
-------------------------
Path: http://localhost/inventory2/index.php?page=fab_issue_other
Date & Time: October 30, 2019, 11:28 am
Attempt: fab_issue_other Page View
-------------------------
Path: http://localhost/inventory2/index.php?page=fab_issue_other
Date & Time: October 30, 2019, 11:29 am
Attempt: fab_issue_other Page View
-------------------------
Path: http://localhost/inventory2/index.php?page=fab_issue_other
Date & Time: October 30, 2019, 11:30 am
Attempt: fab_issue_other Page View
-------------------------
Path: http://localhost/inventory2/index.php?page=fab_issue_other
Date & Time: October 30, 2019, 11:31 am
Attempt: fab_issue_other Page View
-------------------------
Path: http://localhost/inventory2/index.php?page=fab_issue_other
Date & Time: October 30, 2019, 11:31 am
Attempt: fab_issue_other Page View
-------------------------
Path: http://localhost/inventory2/index.php?page=fab_issue_other
Date & Time: October 30, 2019, 11:34 am
Attempt: fab_issue_other Page View
-------------------------
Path: http://localhost/inventory2/index.php?page=fab_issue_other
Date & Time: October 30, 2019, 11:35 am
Attempt: fab_issue_other Page View
-------------------------
Path: http://localhost/inventory2/index.php?page=fab_issue_other
Date & Time: October 30, 2019, 11:35 am
Attempt: New Fabric Issue added Successfully
-------------------------
Path: http://localhost/inventory2/index.php?page=fab_issue_other
Date & Time: October 30, 2019, 11:35 am
Attempt: Fabric Issued Successfully
-------------------------
Path: http://localhost/inventory2/index.php?page=fabric_stock
Date & Time: October 30, 2019, 11:35 am
Attempt: fabric_stock Page View
-------------------------
Path: http://localhost/inventory2/index.php?page=single_fab_stock&fab_rec_id_other=1&conpoc=contrast&color=1
Date & Time: October 30, 2019, 11:35 am
Attempt: single_fab_stock Page View
-------------------------
Path: http://localhost/inventory2/index.php?page=single_fab_stock&fab_rec_id_other=1&conpoc=contrast&color=1
Date & Time: October 30, 2019, 11:40 am
Attempt: single_fab_stock Page View
-------------------------
Path: http://localhost/inventory2/index.php?page=single_fab_stock&fab_rec_id_other=1&conpoc=contrast&color=1
Date & Time: October 30, 2019, 11:41 am
Attempt: single_fab_stock Page View
-------------------------
Path: http://localhost/inventory2/index.php?page=single_fab_stock&fab_rec_id_other=1&conpoc=contrast&color=1
Date & Time: October 30, 2019, 11:42 am
Attempt: single_fab_stock Page View
-------------------------
Path: http://localhost/inventory2/index.php?page=single_fab_stock&fab_rec_id_other=1&conpoc=contrast&color=1
Date & Time: October 30, 2019, 11:48 am
Attempt: single_fab_stock Page View
-------------------------
Path: http://localhost/inventory2/index.php?page=fabric_stock
Date & Time: October 30, 2019, 11:49 am
Attempt: fabric_stock Page View
-------------------------
Path: http://localhost/inventory2/index.php?page=single_fab_stock&fab_rec_id=1&color=1&style=1
Date & Time: October 30, 2019, 11:49 am
Attempt: single_fab_stock Page View
-------------------------
Path: http://localhost/inventory2/index.php?page=fabric_stock
Date & Time: October 30, 2019, 11:49 am
Attempt: fabric_stock Page View
-------------------------
Path: http://localhost/inventory2/index.php?page=single_fab_stock&fab_rec_id_other=1&conpoc=pocketing&color=2
Date & Time: October 30, 2019, 11:49 am
Attempt: single_fab_stock Page View
-------------------------
Path: http://localhost/inventory2/index.php?page=fabric_stock
Date & Time: October 30, 2019, 11:49 am
Attempt: fabric_stock Page View
-------------------------
Path: http://localhost/inventory2/index.php?page=single_fab_stock&fab_rec_id=1&color=1&style=1
Date & Time: October 30, 2019, 11:49 am
Attempt: single_fab_stock Page View
-------------------------
Path: http://localhost/inventory2/index.php?page=fabric_stock
Date & Time: October 30, 2019, 11:49 am
Attempt: fabric_stock Page View
-------------------------
Path: http://localhost/inventory2/index.php?page=single_fab_stock&fab_rec_id_other=1&conpoc=contrast&color=1
Date & Time: October 30, 2019, 11:49 am
Attempt: single_fab_stock Page View
-------------------------
Path: http://localhost/inventory2/index.php?page=single_fab_stock&fab_rec_id_other=1&conpoc=contrast&color=1
Date & Time: October 30, 2019, 11:51 am
Attempt: single_fab_stock Page View
-------------------------
Path: http://localhost/inventory2/index.php?page=fabric_stock
Date & Time: October 30, 2019, 11:52 am
Attempt: fabric_stock Page View
-------------------------
Path: http://localhost/inventory2/index.php?page=single_fab_stock&fab_rec_id_other=1&conpoc=pocketing&color=2
Date & Time: October 30, 2019, 11:52 am
Attempt: single_fab_stock Page View
-------------------------
Path: http://localhost/inventory2/index.php?page=fabric_stock
Date & Time: October 30, 2019, 11:52 am
Attempt: fabric_stock Page View
-------------------------
Path: http://localhost/inventory2/index.php?page=single_fab_stock&fab_rec_id_other=1&conpoc=contrast&color=1
Date & Time: October 30, 2019, 11:52 am
Attempt: single_fab_stock Page View
-------------------------
Path: http://localhost/inventory2/index.php?page=fabric_stock
Date & Time: October 30, 2019, 11:52 am
Attempt: fabric_stock Page View
-------------------------
Path: http://localhost/inventory2/index.php?page=item_received
Date & Time: October 30, 2019, 11:54 am
Attempt: item_received Page View
-------------------------
Path: http://localhost/inventory2/index.php?page=lay_form
Date & Time: October 30, 2019, 12:04 pm
Attempt: lay_form Page View
-------------------------
Path: http://localhost/inventory2/index.php?page=fab_relaxation
Date & Time: October 30, 2019, 12:04 pm
Attempt: fab_relaxation Page View
-------------------------
Path: http://localhost/inventory2/index.php?page=hourly_form
Date & Time: October 30, 2019, 12:04 pm
Attempt: hourly_form Page View
-------------------------
Path: http://localhost/inventory2/index.php?page=wash_form
Date & Time: October 30, 2019, 12:04 pm
Attempt: wash_form Page View
-------------------------
Path: http://localhost/inventory2/index.php?page=new_stationary
Date & Time: October 30, 2019, 12:07 pm
Attempt: new_stationary Page View
-------------------------
Path: http://localhost/inventory2/index.php?page=new_stationary
Date & Time: October 30, 2019, 12:08 pm
Attempt: new_stationary Page View
-------------------------
Path: http://localhost/inventory2/index.php?page=new_stationary
Date & Time: October 30, 2019, 12:09 pm
Attempt: new_stationary Page View
-------------------------
Path: http://localhost/inventory2/index.php?page=new_stationary
Date & Time: October 30, 2019, 12:09 pm
Attempt: new_stationary Page View
-------------------------
Path: http://localhost/inventory2/index.php?page=new_stationary
Date & Time: October 30, 2019, 12:10 pm
Attempt: new_stationary Page View
-------------------------
Path: http://localhost/inventory2/index.php?page=new_stationary
Date & Time: October 30, 2019, 12:11 pm
Attempt: new_stationary Page View
-------------------------
Path: http://localhost/inventory2/index.php?page=new_stationary
Date & Time: October 30, 2019, 12:12 pm
Attempt: new_stationary Page View
-------------------------
Path: http://localhost/inventory2/index.php?page=new_stationary
Date & Time: October 30, 2019, 12:18 pm
Attempt: new_stationary Page View
-------------------------
Path: http://localhost/inventory2/index.php?page=new_stationary
Date & Time: October 30, 2019, 12:19 pm
Attempt: new_stationary Page View
-------------------------
Path: http://localhost/inventory2/index.php?page=new_stationary
Date & Time: October 30, 2019, 12:19 pm
Attempt: new_stationary Page View
-------------------------
Path: http://localhost/inventory2/index.php?page=all_item
Date & Time: October 30, 2019, 12:20 pm
Attempt: all_item Page View
-------------------------
Path: http://localhost/inventory2/index.php?page=new_stationary
Date & Time: October 30, 2019, 12:21 pm
Attempt: new_stationary Page View
-------------------------
Path: http://localhost/inventory2/index.php?page=new_stationary
Date & Time: October 30, 2019, 12:21 pm
Attempt: new_stationary Page View
-------------------------
Path: http://localhost/inventory2/index.php?page=new_stationary
Date & Time: October 30, 2019, 12:23 pm
Attempt: new_stationary Page View
-------------------------
Path: http://localhost/inventory2/index.php?page=new_stationary&delete=2
Date & Time: October 30, 2019, 12:23 pm
Attempt: new_stationary Page View
-------------------------
Path: http://localhost/inventory2/index.php?page=new_stationary&delete=2
Date & Time: October 30, 2019, 12:23 pm
Attempt: Stationary Item Deleted Successfully
-------------------------
Path: http://localhost/inventory2/index.php?page=new_stationary&delete=2
Date & Time: October 30, 2019, 12:24 pm
Attempt: new_stationary Page View
-------------------------
Path: http://localhost/inventory2/index.php?page=new_stationary&delete=2
Date & Time: October 30, 2019, 12:24 pm
Attempt: New Stationary Item added Successfully
-------------------------
Path: http://localhost/inventory2/index.php?page=stationary
Date & Time: October 30, 2019, 12:24 pm
Attempt: stationary Page View
-------------------------
Path: http://localhost/inventory2/index.php?page=new_stationary&delete=2
Date & Time: October 30, 2019, 12:24 pm
Attempt: new_stationary Page View
-------------------------
Path: http://localhost/inventory2/index.php?page=new_stationary&delete=2
Date & Time: October 30, 2019, 12:24 pm
Attempt: Stationary Item Deleted Successfully
-------------------------
Path: http://localhost/inventory2/index.php?page=new_stationary
Date & Time: October 30, 2019, 12:24 pm
Attempt: new_stationary Page View
-------------------------
Path: http://localhost/inventory2/index.php?page=new_stationary
Date & Time: October 30, 2019, 12:27 pm
Attempt: new_stationary Page View
-------------------------
Path: http://localhost/inventory2/index.php?page=new_stationary
Date & Time: October 30, 2019, 12:28 pm
Attempt: new_stationary Page View
-------------------------
Path: http://localhost/inventory2/index.php?page=new_stationary
Date & Time: October 30, 2019, 12:29 pm
Attempt: new_stationary Page View
-------------------------
Path: http://localhost/inventory2/index.php?page=new_stationary
Date & Time: October 30, 2019, 12:29 pm
Attempt: new_stationary Page View
-------------------------
Path: http://localhost/inventory2/index.php?page=new_stationary
Date & Time: October 30, 2019, 12:29 pm
Attempt: new_stationary Page View
-------------------------
Path: http://localhost/inventory2/index.php?page=new_stationary
Date & Time: October 30, 2019, 12:30 pm
Attempt: new_stationary Page View
-------------------------
Path: http://localhost/inventory2/index.php?page=new_stationary
Date & Time: October 30, 2019, 12:30 pm
Attempt: new_stationary Page View
-------------------------
Path: http://localhost/inventory2/index.php?page=new_stationary
Date & Time: October 30, 2019, 12:30 pm
Attempt: new_stationary Page View
-------------------------
Path: http://localhost/inventory2/index.php?page=new_stationary
Date & Time: October 30, 2019, 12:37 pm
Attempt: new_stationary Page View
-------------------------
Path: http://localhost/inventory2/index.php?page=new_stationary
Date & Time: October 30, 2019, 12:38 pm
Attempt: new_stationary Page View
-------------------------
Path: http://localhost/inventory2/index.php?page=stationary_item&id=1
Date & Time: October 30, 2019, 12:40 pm
Attempt: stationary_item Page View
-------------------------
Path: http://localhost/inventory2/index.php?page=stationary_item&id=1
Date & Time: October 30, 2019, 12:41 pm
Attempt: stationary_item Page View
-------------------------
Path: http://localhost/inventory2/index.php?page=new_stationary
Date & Time: October 30, 2019, 12:44 pm
Attempt: new_stationary Page View
-------------------------
Path: http://localhost/inventory2/index.php?page=stationary_item&id=1
Date & Time: October 30, 2019, 12:44 pm
Attempt: stationary_item Page View
-------------------------
Path: http://localhost/inventory2/index.php?page=stationary_item&id=
Date & Time: October 30, 2019, 12:45 pm
Attempt: stationary_item Page View
-------------------------
Path: http://localhost/inventory2/index.php?page=stationary_item&id=1
Date & Time: October 30, 2019, 12:45 pm
Attempt: stationary_item Page View
-------------------------
Path: http://localhost/inventory2/index.php?page=stationary_item&id=1
Date & Time: October 30, 2019, 12:45 pm
Attempt: stationary_item Page View
-------------------------
Path: http://localhost/inventory2/index.php?page=stationary_item&id=
Date & Time: October 30, 2019, 12:45 pm
Attempt: stationary_item Page View
-------------------------
Path: http://localhost/inventory2/index.php?page=new_stationary
Date & Time: October 30, 2019, 12:45 pm
Attempt: new_stationary Page View
-------------------------
Path: http://localhost/inventory2/index.php?page=stationary_item&id=2
Date & Time: October 30, 2019, 12:45 pm
Attempt: stationary_item Page View
-------------------------
Path: http://localhost/inventory2/index.php?page=stationary_item&id=2
Date & Time: October 30, 2019, 12:48 pm
Attempt: stationary_item Page View
-------------------------
Path: http://localhost/inventory2/index.php?page=stationary_item&id=2
Date & Time: October 30, 2019, 12:48 pm
Attempt: stationary_item Page View
-------------------------
Path: http://localhost/inventory2/index.php?page=stationary_item&id=2
Date & Time: October 30, 2019, 12:51 pm
Attempt: stationary_item Page View
-------------------------
Path: http://localhost/inventory2/index.php?page=stationary_item&id=2
Date & Time: October 30, 2019, 12:52 pm
Attempt: stationary_item Page View
-------------------------
Path: http://localhost/inventory2/index.php?page=stationary_item&id=2
Date & Time: October 30, 2019, 12:52 pm
Attempt: stationary_item Page View
-------------------------
Path: http://localhost/inventory2/index.php?page=stationary_item&id=2
Date & Time: October 30, 2019, 12:52 pm
Attempt: stationary_item Page View
-------------------------
Path: http://localhost/inventory2/index.php?page=stationary_item&id=2
Date & Time: October 30, 2019, 12:52 pm
Attempt: stationary_item Page View
-------------------------
Path: http://localhost/inventory2/index.php?page=stationary_item&id=2
Date & Time: October 30, 2019, 12:53 pm
Attempt: stationary_item Page View
-------------------------
Path: http://localhost/inventory2/index.php?page=stationary_item&id=2
Date & Time: October 30, 2019, 12:53 pm
Attempt: stationary_item Page View
-------------------------
Path: http://localhost/inventory2/index.php?page=stationary_item&id=2
Date & Time: October 30, 2019, 12:53 pm
Attempt: stationary_item Page View
-------------------------
Path: http://localhost/inventory2/index.php?page=stationary_item&id=2
Date & Time: October 30, 2019, 12:54 pm
Attempt: stationary_item Page View
-------------------------
Path: http://localhost/inventory2/index.php?page=stationary_item&id=1
Date & Time: October 30, 2019, 12:54 pm
Attempt: stationary_item Page View
-------------------------
Path: http://localhost/inventory2/index.php?page=stationary_item&id=3
Date & Time: October 30, 2019, 12:54 pm
Attempt: stationary_item Page View
-------------------------
Path: http://localhost/inventory2/index.php?page=stationary_item&id=4
Date & Time: October 30, 2019, 12:55 pm
Attempt: stationary_item Page View
-------------------------
Path: http://localhost/inventory2/index.php?page=stationary_item&id=4
Date & Time: October 30, 2019, 12:55 pm
Attempt: stationary_item Page View
-------------------------
Path: http://localhost/inventory2/index.php?page=stationary_item&id=3
Date & Time: October 30, 2019, 12:55 pm
Attempt: stationary_item Page View
-------------------------
Path: http://localhost/inventory2/index.php?page=stationary_item&id=2
Date & Time: October 30, 2019, 12:55 pm
Attempt: stationary_item Page View
-------------------------
Path: http://localhost/inventory2/index.php?page=stationary_item&id=1
Date & Time: October 30, 2019, 12:55 pm
Attempt: stationary_item Page View
-------------------------
Path: http://localhost/inventory2/index.php?page=stationary_item&id=1
Date & Time: October 30, 2019, 12:56 pm
Attempt: stationary_item Page View
-------------------------
Path: http://localhost/inventory2/index.php?page=stationary_item&id=2
Date & Time: October 30, 2019, 12:56 pm
Attempt: stationary_item Page View
-------------------------
Path: http://localhost/inventory2/index.php?page=stationary_item&id=3
Date & Time: October 30, 2019, 12:56 pm
Attempt: stationary_item Page View
-------------------------
Path: http://localhost/inventory2/index.php?page=stationary_item&id=4
Date & Time: October 30, 2019, 12:56 pm
Attempt: stationary_item Page View
-------------------------
Path: http://localhost/inventory2/index.php?page=new_stationary
Date & Time: October 30, 2019, 12:56 pm
Attempt: new_stationary Page View
-------------------------
Path: http://localhost/inventory2/index.php?page=stationary_item&id=2
Date & Time: October 30, 2019, 12:56 pm
Attempt: stationary_item Page View
-------------------------
Path: http://localhost/inventory2/index.php?page=item_received_stationary
Date & Time: October 30, 2019, 2:21 pm
Attempt: item_received_stationary Page View
-------------------------
Path: http://localhost/inventory2/index.php?page=item_received_stationary
Date & Time: October 30, 2019, 2:24 pm
Attempt: item_received_stationary Page View
-------------------------
Path: http://localhost/inventory2/index.php?page=new_stationary
Date & Time: October 30, 2019, 2:24 pm
Attempt: new_stationary Page View
-------------------------
Path: http://localhost/inventory2/index.php?page=stationary_item&id=1
Date & Time: October 30, 2019, 2:24 pm
Attempt: stationary_item Page View
-------------------------
Path: http://localhost/inventory2/index.php?page=stationary_item&id=1
Date & Time: October 30, 2019, 2:25 pm
Attempt: stationary_item Page View
-------------------------
Path: http://localhost/inventory2/index.php?page=stationary_item&id=1
Date & Time: October 30, 2019, 2:25 pm
Attempt: stationary_item Page View
-------------------------
Path: http://localhost/inventory2/index.php?page=item_received_stationary
Date & Time: October 30, 2019, 2:45 pm
Attempt: item_received_stationary Page View
-------------------------
Path: http://localhost/inventory2/index.php?page=stationary_item&id=1
Date & Time: October 30, 2019, 2:46 pm
Attempt: stationary_item Page View
-------------------------
Path: http://localhost/inventory2/index.php?page=stationary_item&id=1
Date & Time: October 30, 2019, 2:46 pm
Attempt: stationary_item Page View
-------------------------
Path: http://localhost/inventory2/index.php?page=new_stationary
Date & Time: October 30, 2019, 2:47 pm
Attempt: new_stationary Page View
-------------------------
Path: http://localhost/inventory2/index.php?page=stationary_item&id=2
Date & Time: October 30, 2019, 2:47 pm
Attempt: stationary_item Page View
-------------------------
Path: http://localhost/inventory2/index.php?page=stationary_item&id=2
Date & Time: October 30, 2019, 2:47 pm
Attempt: stationary_item Page View
-------------------------
Path: http://localhost/inventory2/index.php?page=new_stationary
Date & Time: October 30, 2019, 2:47 pm
Attempt: new_stationary Page View
-------------------------
Path: http://localhost/inventory2/index.php?page=stationary_item&id=1
Date & Time: October 30, 2019, 2:48 pm
Attempt: stationary_item Page View
-------------------------
Path: http://localhost/inventory2/index.php?page=new_stationary
Date & Time: October 30, 2019, 2:48 pm
Attempt: new_stationary Page View
-------------------------
Path: http://localhost/inventory2/index.php?page=stationary_item&id=3
Date & Time: October 30, 2019, 2:48 pm
Attempt: stationary_item Page View
-------------------------
Path: http://localhost/inventory2/index.php?page=new_stationary
Date & Time: October 30, 2019, 2:48 pm
Attempt: new_stationary Page View
-------------------------
Path: http://localhost/inventory2/index.php?page=new_stationary
Date & Time: October 30, 2019, 2:49 pm
Attempt: new_stationary Page View
-------------------------
Path: http://localhost/inventory2/index.php?page=stationary_item&id=1
Date & Time: October 30, 2019, 2:49 pm
Attempt: stationary_item Page View
-------------------------
Path: http://localhost/inventory2/index.php?page=stationary_item&id=1
Date & Time: October 30, 2019, 2:51 pm
Attempt: stationary_item Page View
-------------------------
Path: http://localhost/inventory2/index.php?page=new_stationary
Date & Time: October 30, 2019, 2:51 pm
Attempt: new_stationary Page View
-------------------------
Path: http://localhost/inventory2/index.php?page=stationary_item&id=2
Date & Time: October 30, 2019, 2:51 pm
Attempt: stationary_item Page View
-------------------------
Path: http://localhost/inventory2/index.php?page=all_item
Date & Time: October 30, 2019, 2:53 pm
Attempt: all_item Page View
-------------------------
Path: http://localhost/inventory2/index.php?page=fabric_stock
Date & Time: October 30, 2019, 2:54 pm
Attempt: fabric_stock Page View
-------------------------
Path: http://localhost/inventory2/index.php?page=item_received
Date & Time: October 30, 2019, 3:07 pm
Attempt: item_received Page View
-------------------------
Path: http://localhost/inventory2/index.php?page=item_stock
Date & Time: October 30, 2019, 3:07 pm
Attempt: item_stock Page View
-------------------------
Path: http://localhost/inventory2/index.php?page=fabric_stock
Date & Time: October 30, 2019, 3:07 pm
Attempt: fabric_stock Page View
-------------------------
Path: http://localhost/inventory2/index.php?page=fabric_stock
Date & Time: October 30, 2019, 3:07 pm
Attempt: fabric_stock Page View
-------------------------
Path: http://localhost/inventory2/index.php?page=fabric_stock
Date & Time: October 30, 2019, 3:07 pm
Attempt: fabric_stock Page View
-------------------------
Path: http://localhost/inventory2/index.php?page=item_stock
Date & Time: October 30, 2019, 3:08 pm
Attempt: item_stock Page View
-------------------------
Path: http://localhost/inventory2/index.php?page=item_stock
Date & Time: October 30, 2019, 3:08 pm
Attempt: item_stock Page View
-------------------------
Path: http://localhost/inventory2/index.php?page=item_stock
Date & Time: October 30, 2019, 3:09 pm
Attempt: item_stock Page View
-------------------------
Path: http://localhost/inventory2/index.php?page=item_received
Date & Time: October 30, 2019, 5:20 pm
Attempt: item_received Page View
-------------------------
Path: http://localhost/inventory2/index.php?page=item_received
Date & Time: October 30, 2019, 5:21 pm
Attempt: item_received Page View
-------------------------
Path: http://localhost/inventory2/index.php?page=item_stock
Date & Time: October 30, 2019, 5:21 pm
Attempt: item_stock Page View
-------------------------
Path: http://localhost/inventory2/index.php?page=item_stock
Date & Time: October 30, 2019, 5:21 pm
Attempt: item_stock Page View
-------------------------
Path: http://localhost/inventory2/index.php?page=item_received
Date & Time: October 30, 2019, 5:21 pm
Attempt: item_received Page View
-------------------------
Path: http://localhost/inventory2/index.php?page=new_stationary
Date & Time: October 30, 2019, 5:46 pm
Attempt: new_stationary Page View
-------------------------
Path: http://localhost/inventory2/index.php?page=item_stock
Date & Time: October 30, 2019, 5:46 pm
Attempt: item_stock Page View
-------------------------
Path: http://localhost/inventory2/index.php?page=item_received
Date & Time: October 30, 2019, 5:46 pm
Attempt: item_received Page View
-------------------------
Path: http://localhost/inventory2/index.php?page=item_received
Date & Time: October 30, 2019, 5:46 pm
Attempt: item_received Page View
-------------------------
Path: http://localhost/inventory2/index.php?page=item_received
Date & Time: October 30, 2019, 5:46 pm
Attempt: New Item Received Successfully
-------------------------
Path: http://localhost/inventory2/index.php?page=item_received
Date & Time: October 30, 2019, 5:46 pm
Attempt: New Item Received Successfully
-------------------------
Path: http://localhost/inventory2/index.php?page=item_received
Date & Time: October 30, 2019, 5:46 pm
Attempt: New Item Received Successfully
-------------------------
Path: http://localhost/inventory2/index.php?page=item_issue_access
Date & Time: October 30, 2019, 5:46 pm
Attempt: item_issue_access Page View
-------------------------
Path: http://localhost/inventory2/index.php?page=item_received
Date & Time: October 30, 2019, 5:47 pm
Attempt: item_received Page View
-------------------------
Path: http://localhost/inventory2/index.php?page=home
Date & Time: October 30, 2019, 5:47 pm
Attempt: home Page View
-------------------------
Path: http://localhost/inventory2/index.php?page=all_style
Date & Time: October 30, 2019, 5:47 pm
Attempt: all_style Page View
-------------------------
Path: http://localhost/inventory2/index.php?page=item_received
Date & Time: October 30, 2019, 5:51 pm
Attempt: item_received Page View
-------------------------
Path: http://localhost/inventory2/index.php?page=item_received
Date & Time: October 30, 2019, 5:51 pm
Attempt: New Item Received Successfully
-------------------------
Path: http://localhost/inventory2/index.php?page=item_received
Date & Time: October 30, 2019, 5:51 pm
Attempt: New Item Received Successfully
-------------------------
Path: http://localhost/inventory2/index.php?page=item_received
Date & Time: October 30, 2019, 5:51 pm
Attempt: New Item Received Successfully
-------------------------
Path: http://localhost/inventory2/index.php?page=item_received
Date & Time: October 30, 2019, 5:55 pm
Attempt: item_received Page View
-------------------------
Path: http://localhost/inventory2/index.php?page=item_received
Date & Time: October 30, 2019, 5:55 pm
Attempt: New Item Received Successfully
-------------------------
Path: http://localhost/inventory2/index.php?page=item_received
Date & Time: October 30, 2019, 5:55 pm
Attempt: New Item Received Successfully
-------------------------
Path: http://localhost/inventory2/index.php?page=item_received
Date & Time: October 30, 2019, 5:55 pm
Attempt: New Item Received Successfully
-------------------------
Path: http://localhost/inventory2/index.php?page=all_po
Date & Time: October 30, 2019, 6:04 pm
Attempt: all_po Page View
-------------------------
Path: http://localhost/inventory2/index.php?page=po_single&poid=1
Date & Time: October 30, 2019, 6:04 pm
Attempt: po_single Page View
-------------------------
Path: http://localhost/inventory2/index.php?page=item_stock
Date & Time: October 30, 2019, 6:06 pm
Attempt: item_stock Page View
-------------------------
Path: http://localhost/inventory2/index.php?page=item_stock
Date & Time: October 30, 2019, 6:07 pm
Attempt: item_stock Page View
-------------------------
Path: http://localhost/inventory2/index.php?page=item_stock
Date & Time: October 30, 2019, 6:07 pm
Attempt: item_stock Page View
-------------------------
Path: http://localhost/inventory2/index.php?page=single_style&id=1
Date & Time: October 30, 2019, 6:07 pm
Attempt: single_style Page View
-------------------------
Path: http://localhost/inventory2/index.php?page=po_single&poid=1
Date & Time: October 30, 2019, 6:07 pm
Attempt: po_single Page View
-------------------------
Path: http://localhost/inventory2/index.php?page=single_buyer&buyer_id=1
Date & Time: October 30, 2019, 6:07 pm
Attempt: single_buyer Page View
-------------------------
Path: http://localhost/inventory2/index.php?page=item_stock
Date & Time: October 30, 2019, 6:08 pm
Attempt: item_stock Page View
-------------------------
Path: http://localhost/inventory2/index.php?page=fabric_stock
Date & Time: October 30, 2019, 6:08 pm
Attempt: fabric_stock Page View
-------------------------
Path: http://localhost/inventory2/index.php?page=fabric_stock
Date & Time: October 30, 2019, 6:08 pm
Attempt: fabric_stock Page View
-------------------------
