Path: http://localhost/inventory/index.php?page=all_wash
Date & Time: November 3, 2019, 11:57 am
Attempt: all_wash Page View
-------------------------
Path: http://localhost/inventory/index.php?page=all_wash
Date & Time: November 3, 2019, 11:57 am
Attempt: all_wash Page View
-------------------------
Path: http://localhost/inventory/index.php?page=hourly_form
Date & Time: November 3, 2019, 11:57 am
Attempt: hourly_form Page View
-------------------------
Path: http://localhost/inventory/index.php?page=cutting_form
Date & Time: November 3, 2019, 11:57 am
Attempt: cutting_form Page View
-------------------------
Path: http://localhost/inventory/index.php?page=fab_relaxation
Date & Time: November 3, 2019, 11:57 am
Attempt: fab_relaxation Page View
-------------------------
Path: http://localhost/inventory/index.php?page=lay_form
Date & Time: November 3, 2019, 11:57 am
Attempt: lay_form Page View
-------------------------
Path: http://localhost/inventory/index.php?page=fab_issue
Date & Time: November 3, 2019, 11:58 am
Attempt: fab_issue Page View
-------------------------
Path: http://localhost/inventory/index.php?page=fabric_stock
Date & Time: November 3, 2019, 11:58 am
Attempt: fabric_stock Page View
-------------------------
Path: http://localhost/inventory/index.php?page=hourly_form_finishing
Date & Time: November 3, 2019, 12:59 pm
Attempt: hourly_form_finishing Page View
-------------------------
Path: http://localhost/inventory/index.php?page=all_buyer
Date & Time: November 3, 2019, 1:02 pm
Attempt: all_buyer Page View
-------------------------
Path: http://localhost/inventory/index.php?page=single_buyer&buyer_id=2
Date & Time: November 3, 2019, 1:02 pm
Attempt: single_buyer Page View
-------------------------
Path: http://localhost/inventory/index.php?page=single_buyer&buyer_id=2
Date & Time: November 3, 2019, 1:03 pm
Attempt: single_buyer Page View
-------------------------
Path: http://localhost/inventory/index.php?page=single_buyer&buyer_id=2
Date & Time: November 3, 2019, 1:04 pm
Attempt: single_buyer Page View
-------------------------
Path: http://localhost/inventory/index.php?page=single_buyer&buyer_id=2
Date & Time: November 3, 2019, 1:04 pm
Attempt: single_buyer Page View
-------------------------
Path: http://localhost/inventory/index.php?page=hourly_form
Date & Time: November 3, 2019, 1:04 pm
Attempt: hourly_form Page View
-------------------------
Path: http://localhost/inventory/index.php?page=lay_form
Date & Time: November 3, 2019, 1:05 pm
Attempt: lay_form Page View
-------------------------
Path: http://localhost/inventory/index.php?page=all_wash
Date & Time: November 3, 2019, 1:05 pm
Attempt: all_wash Page View
-------------------------
Path: http://localhost/inventory/index.php?page=lay_form
Date & Time: November 3, 2019, 1:05 pm
Attempt: lay_form Page View
-------------------------
Path: http://localhost/inventory/index.php?page=fab_relaxation
Date & Time: November 3, 2019, 1:06 pm
Attempt: fab_relaxation Page View
-------------------------
Path: http://localhost/inventory/index.php?page=lay_form
Date & Time: November 3, 2019, 1:06 pm
Attempt: lay_form Page View
-------------------------
Path: http://localhost/inventory/index.php?page=cutting_form
Date & Time: November 3, 2019, 1:07 pm
Attempt: cutting_form Page View
-------------------------
Path: http://localhost/inventory/index.php?page=lay_form
Date & Time: November 3, 2019, 1:07 pm
Attempt: lay_form Page View
-------------------------
Path: http://localhost/inventory/index.php?page=fab_relaxation
Date & Time: November 3, 2019, 1:10 pm
Attempt: fab_relaxation Page View
-------------------------
Path: http://localhost/inventory/index.php?page=cutting_form
Date & Time: November 3, 2019, 1:10 pm
Attempt: cutting_form Page View
-------------------------
Path: http://localhost/inventory/index.php?page=fabric_stock
Date & Time: November 3, 2019, 1:10 pm
Attempt: fabric_stock Page View
-------------------------
Path: http://localhost/inventory/index.php?page=item_received_fab
Date & Time: November 3, 2019, 1:10 pm
Attempt: item_received_fab Page View
-------------------------
Path: http://localhost/inventory/index.php?page=item_received_fab_other
Date & Time: November 3, 2019, 1:10 pm
Attempt: item_received_fab_other Page View
-------------------------
Path: http://localhost/inventory/index.php?page=fabric_stock
Date & Time: November 3, 2019, 1:10 pm
Attempt: fabric_stock Page View
-------------------------
Path: http://localhost/inventory/index.php?page=item_received_fab
Date & Time: November 3, 2019, 1:10 pm
Attempt: item_received_fab Page View
-------------------------
Path: http://localhost/inventory/index.php?page=item_received_fab_other
Date & Time: November 3, 2019, 1:10 pm
Attempt: item_received_fab_other Page View
-------------------------
Path: http://localhost/inventory/index.php?page=item_received_fab
Date & Time: November 3, 2019, 1:10 pm
Attempt: item_received_fab Page View
-------------------------
Path: http://localhost/inventory/index.php?page=cutting_form
Date & Time: November 3, 2019, 1:12 pm
Attempt: cutting_form Page View
-------------------------
Path: http://localhost/inventory/index.php?page=fab_relaxation
Date & Time: November 3, 2019, 1:12 pm
Attempt: fab_relaxation Page View
-------------------------
Path: http://localhost/inventory/index.php?page=cutting_form
Date & Time: November 3, 2019, 1:12 pm
Attempt: cutting_form Page View
-------------------------
Path: http://localhost/inventory/index.php?page=fab_relaxation
Date & Time: November 3, 2019, 1:12 pm
Attempt: fab_relaxation Page View
-------------------------
Path: http://localhost/inventory/index.php?page=cutting_form
Date & Time: November 3, 2019, 1:12 pm
Attempt: cutting_form Page View
-------------------------
Path: http://localhost/inventory/index.php?page=cutting_form
Date & Time: November 3, 2019, 1:12 pm
Attempt: cutting_form Page View
-------------------------
Path: http://localhost/inventory/index.php?page=lay_form
Date & Time: November 3, 2019, 1:13 pm
Attempt: lay_form Page View
-------------------------
Path: http://localhost/inventory/index.php?page=all_po
Date & Time: November 3, 2019, 1:16 pm
Attempt: all_po Page View
-------------------------
Path: http://localhost/inventory/index.php?page=po_single&poid=1
Date & Time: November 3, 2019, 1:16 pm
Attempt: po_single Page View
-------------------------
Path: http://localhost/inventory/index.php?page=all_po
Date & Time: November 3, 2019, 1:16 pm
Attempt: all_po Page View
-------------------------
Path: http://localhost/inventory/index.php?page=po_single&poid=2
Date & Time: November 3, 2019, 1:16 pm
Attempt: po_single Page View
-------------------------
Path: http://localhost/inventory/index.php?page=all_po
Date & Time: November 3, 2019, 1:16 pm
Attempt: all_po Page View
-------------------------
Path: http://localhost/inventory/index.php?page=all_shipment
Date & Time: November 3, 2019, 1:16 pm
Attempt: all_shipment Page View
-------------------------
Path: http://localhost/inventory/index.php?page=lay_form
Date & Time: November 3, 2019, 1:19 pm
Attempt: lay_form Page View
-------------------------
