Path: http://localhost/inventory/index.php?page=item_received_fab
Date & Time: October 29, 2019, 6:13 am
Attempt: item_received_fab Page View
-------------------------
Path: http://localhost/inventory/index.php?page=new_pi
Date & Time: October 29, 2019, 6:16 am
Attempt: new_pi Page View
-------------------------
Path: http://localhost/inventory/index.php?page=item_received
Date & Time: October 29, 2019, 6:18 am
Attempt: item_received Page View
-------------------------
Path: http://localhost/inventory/index.php?page=item_received
Date & Time: October 29, 2019, 6:19 am
Attempt: item_received Page View
-------------------------
Path: http://localhost/inventory/index.php?page=item_received
Date & Time: October 29, 2019, 6:20 am
Attempt: item_received Page View
-------------------------
Path: http://localhost/inventory/index.php?page=item_issue_access
Date & Time: October 29, 2019, 6:27 am
Attempt: item_issue_access Page View
-------------------------
Path: http://localhost/inventory/index.php?page=item_issue_access
Date & Time: October 29, 2019, 6:27 am
Attempt: item_issue_access Page View
-------------------------
Path: http://localhost/inventory/index.php?page=item_received
Date & Time: October 29, 2019, 6:27 am
Attempt: item_received Page View
-------------------------
Path: http://localhost/inventory/index.php?page=item_issue_access
Date & Time: October 29, 2019, 6:28 am
Attempt: item_issue_access Page View
-------------------------
Path: http://localhost/inventory/index.php?page=item_received
Date & Time: October 29, 2019, 6:28 am
Attempt: item_received Page View
-------------------------
Path: http://localhost/inventory/index.php?page=item_issue_access
Date & Time: October 29, 2019, 6:29 am
Attempt: item_issue_access Page View
-------------------------
Path: http://localhost/inventory/index.php?page=item_received
Date & Time: October 29, 2019, 6:29 am
Attempt: item_received Page View
-------------------------
Path: http://localhost/inventory/index.php?page=item_issue_access
Date & Time: October 29, 2019, 6:29 am
Attempt: item_issue_access Page View
-------------------------
Path: http://localhost/inventory/index.php?page=item_received
Date & Time: October 29, 2019, 6:29 am
Attempt: item_received Page View
-------------------------
Path: http://localhost/inventory/index.php?page=item_issue_access
Date & Time: October 29, 2019, 6:29 am
Attempt: item_issue_access Page View
-------------------------
Path: http://localhost/inventory/index.php?page=item_received
Date & Time: October 29, 2019, 6:29 am
Attempt: item_received Page View
-------------------------
Path: http://localhost/inventory/index.php?page=item_received_fab_other
Date & Time: October 29, 2019, 6:30 am
Attempt: item_received_fab_other Page View
-------------------------
Path: http://localhost/inventory/index.php?page=item_received_fab_other
Date & Time: October 29, 2019, 6:30 am
Attempt: item_received_fab_other Page View
-------------------------
Path: http://localhost/inventory/index.php?page=item_received_fab
Date & Time: October 29, 2019, 6:31 am
Attempt: item_received_fab Page View
-------------------------
Path: http://localhost/inventory/index.php?page=item_received_fab_other
Date & Time: October 29, 2019, 6:31 am
Attempt: item_received_fab_other Page View
-------------------------
Path: http://localhost/inventory/index.php?page=item_received_fab
Date & Time: October 29, 2019, 6:31 am
Attempt: item_received_fab Page View
-------------------------
Path: http://localhost/inventory/index.php?page=item_received
Date & Time: October 29, 2019, 6:31 am
Attempt: item_received Page View
-------------------------
Path: http://localhost/inventory/index.php?page=new_style
Date & Time: October 29, 2019, 6:37 am
Attempt: new_style Page View
-------------------------
Path: http://localhost/inventory/index.php?page=new_po
Date & Time: October 29, 2019, 6:37 am
Attempt: new_po Page View
-------------------------
Path: http://localhost/inventory/index.php?page=new_buyer
Date & Time: October 29, 2019, 6:37 am
Attempt: new_buyer Page View
-------------------------
Path: http://localhost/inventory/index.php?page=all_buyer
Date & Time: October 29, 2019, 6:37 am
Attempt: all_buyer Page View
-------------------------
Path: http://localhost/inventory/index.php?page=new_master_lc
Date & Time: October 29, 2019, 6:37 am
Attempt: new_master_lc Page View
-------------------------
Path: http://localhost/inventory/index.php?page=new_pi
Date & Time: October 29, 2019, 6:37 am
Attempt: new_pi Page View
-------------------------
Path: http://localhost/inventory/index.php?page=fabric_stack
Date & Time: October 29, 2019, 6:37 am
Attempt: fabric_stack Page View
-------------------------
Path: http://localhost/inventory/index.php?page=item_received
Date & Time: October 29, 2019, 6:47 am
Attempt: item_received Page View
-------------------------
