Path: http://localhost/inventory2/index.php?page=new_b2b_lc
Date & Time: October 28, 2019, 10:23 am
Attempt: new_b2b_lc Page View
-------------------------
Path: http://localhost/inventory2/index.php?page=all_b2b_lc
Date & Time: October 28, 2019, 10:38 am
Attempt: all_b2b_lc Page View
-------------------------
Path: http://localhost/inventory2/index.php?page=single_b2b_lc&id=1
Date & Time: October 28, 2019, 10:38 am
Attempt: single_b2b_lc Page View
-------------------------
Path: http://localhost/inventory2/index.php?page=edit_b2b_lc&id=1
Date & Time: October 28, 2019, 10:48 am
Attempt: edit_b2b_lc Page View
-------------------------
Path: http://localhost/inventory2/index.php?page=edit_b2b_lc&id=1
Date & Time: October 28, 2019, 10:48 am
Attempt: edit_b2b_lc Page View
-------------------------
Path: http://localhost/inventory2/index.php?page=edit_b2b_lc&id=1
Date & Time: October 28, 2019, 10:48 am
Attempt: B2B LC Updated Successfully.
-------------------------
Path: http://localhost/inventory2/index.php?page=single_masterlc&id=$id
Date & Time: October 28, 2019, 10:48 am
Attempt: single_masterlc Page View
-------------------------
Path: http://localhost/inventory2/index.php?page=all_b2b_lc
Date & Time: October 28, 2019, 10:49 am
Attempt: all_b2b_lc Page View
-------------------------
Path: http://localhost/inventory2/index.php?page=single_b2b_lc&id=1
Date & Time: October 28, 2019, 10:49 am
Attempt: single_b2b_lc Page View
-------------------------
Path: http://localhost/inventory2/index.php?page=all_b2b_lc
Date & Time: October 28, 2019, 10:49 am
Attempt: all_b2b_lc Page View
-------------------------
Path: http://localhost/inventory2/index.php?page=single_b2b_lc&id=2
Date & Time: October 28, 2019, 10:49 am
Attempt: single_b2b_lc Page View
-------------------------
Path: http://localhost/inventory2/index.php?page=edit_b2b_lc&id=2
Date & Time: October 28, 2019, 10:49 am
Attempt: edit_b2b_lc Page View
-------------------------
Path: http://localhost/inventory2/index.php?page=edit_b2b_lc&id=2
Date & Time: October 28, 2019, 10:49 am
Attempt: edit_b2b_lc Page View
-------------------------
Path: http://localhost/inventory2/index.php?page=edit_b2b_lc&id=2
Date & Time: October 28, 2019, 10:49 am
Attempt: B2B LC Updated Successfully.
-------------------------
Path: http://localhost/inventory2/index.php?page=single_masterlc&id=$id
Date & Time: October 28, 2019, 10:49 am
Attempt: single_masterlc Page View
-------------------------
Path: http://localhost/inventory2/index.php?page=edit_b2b_lc&id=2
Date & Time: October 28, 2019, 10:50 am
Attempt: edit_b2b_lc Page View
-------------------------
Path: http://localhost/inventory2/index.php?page=edit_b2b_lc&id=2
Date & Time: October 28, 2019, 10:51 am
Attempt: edit_b2b_lc Page View
-------------------------
Path: http://localhost/inventory2/index.php?page=edit_b2b_lc&id=2
Date & Time: October 28, 2019, 10:51 am
Attempt: B2B LC Updated Successfully.
-------------------------
Path: http://localhost/inventory2/index.php?page=single_b2b_lc&id=$id
Date & Time: October 28, 2019, 10:51 am
Attempt: single_b2b_lc Page View
-------------------------
Path: http://localhost/inventory2/index.php?page=single_b2b_lc&id=$id
Date & Time: October 28, 2019, 10:51 am
Attempt: single_b2b_lc Page View
-------------------------
Path: http://localhost/inventory2/index.php?page=edit_b2b_lc&id=2
Date & Time: October 28, 2019, 10:51 am
Attempt: edit_b2b_lc Page View
-------------------------
Path: http://localhost/inventory2/index.php?page=edit_b2b_lc&id=2
Date & Time: October 28, 2019, 10:52 am
Attempt: edit_b2b_lc Page View
-------------------------
Path: http://localhost/inventory2/index.php?page=edit_b2b_lc&id=2
Date & Time: October 28, 2019, 10:52 am
Attempt: B2B LC Updated Successfully.
-------------------------
Path: http://localhost/inventory2/index.php?page=single_b2b_lc&id=2
Date & Time: October 28, 2019, 10:52 am
Attempt: single_b2b_lc Page View
-------------------------
Path: http://localhost/inventory2/index.php?page=new_master_lc
Date & Time: October 28, 2019, 10:52 am
Attempt: new_master_lc Page View
-------------------------
Path: http://localhost/inventory2/index.php?page=all_master_lc
Date & Time: October 28, 2019, 10:52 am
Attempt: all_master_lc Page View
-------------------------
Path: http://localhost/inventory2/index.php?page=single_masterlc&id=1
Date & Time: October 28, 2019, 10:52 am
Attempt: single_masterlc Page View
-------------------------
Path: http://localhost/inventory2/index.php?page=edit_master_lc&id=1
Date & Time: October 28, 2019, 10:52 am
Attempt: edit_master_lc Page View
-------------------------
Path: http://localhost/inventory2/index.php?page=edit_master_lc&id=1
Date & Time: October 28, 2019, 10:52 am
Attempt: edit_master_lc Page View
-------------------------
Path: http://localhost/inventory2/index.php?page=edit_master_lc&id=1
Date & Time: October 28, 2019, 10:52 am
Attempt: Master LC Updated Successfully.
-------------------------
Path: http://localhost/inventory2/index.php?page=single_masterlc&id=1
Date & Time: October 28, 2019, 10:52 am
Attempt: single_masterlc Page View
-------------------------
Path: http://localhost/inventory2/index.php?page=all_b2b_lc
Date & Time: October 28, 2019, 10:52 am
Attempt: all_b2b_lc Page View
-------------------------
Path: http://localhost/inventory2/index.php?page=single_b2b_lc&id=2
Date & Time: October 28, 2019, 10:52 am
Attempt: single_b2b_lc Page View
-------------------------
Path: http://localhost/inventory2/index.php?page=single_b2b_lc&id=2
Date & Time: October 28, 2019, 10:53 am
Attempt: single_b2b_lc Page View
-------------------------
Path: http://localhost/inventory2/index.php?page=single_b2b_lc&id=2&delete=3
Date & Time: October 28, 2019, 10:54 am
Attempt: single_b2b_lc Page View
-------------------------
Path: http://localhost/inventory2/index.php?page=single_b2b_lc&id=2&delete=3
Date & Time: October 28, 2019, 10:54 am
Attempt: B2B Order Deleted Successfully
-------------------------
Path: http://localhost/inventory2/index.php?page=single_b2b_lc&id=2
Date & Time: October 28, 2019, 10:54 am
Attempt: single_b2b_lc Page View
-------------------------
Path: http://localhost/inventory2/index.php?page=all_b2b_lc
Date & Time: October 28, 2019, 10:55 am
Attempt: all_b2b_lc Page View
-------------------------
Path: http://localhost/inventory2/index.php?page=fabric_stack
Date & Time: October 28, 2019, 10:55 am
Attempt: fabric_stack Page View
-------------------------
Path: http://localhost/inventory2/index.php?page=new_inquire
Date & Time: October 28, 2019, 10:55 am
Attempt: new_inquire Page View
-------------------------
Path: http://localhost/inventory2/index.php?page=new_inquire
Date & Time: October 28, 2019, 11:01 am
Attempt: new_inquire Page View
-------------------------
Path: http://localhost/inventory2/index.php?page=new_inquire
Date & Time: October 28, 2019, 11:02 am
Attempt: new_inquire Page View
-------------------------
Path: http://localhost/inventory2/index.php?page=new_inquire
Date & Time: October 28, 2019, 11:02 am
Attempt: new_inquire Page View
-------------------------
Path: http://localhost/inventory2/index.php?page=new_inquire
Date & Time: October 28, 2019, 11:03 am
Attempt: new_inquire Page View
-------------------------
Path: http://localhost/inventory2/index.php?page=new_inquire
Date & Time: October 28, 2019, 11:03 am
Attempt: new_inquire Page View
-------------------------
Path: http://localhost/inventory2/index.php?page=new_inquire
Date & Time: October 28, 2019, 11:03 am
Attempt: new_inquire Page View
-------------------------
Path: http://localhost/inventory2/index.php?page=new_inquire
Date & Time: October 28, 2019, 11:04 am
Attempt: new_inquire Page View
-------------------------
Path: http://localhost/inventory2/index.php?page=new_inquire
Date & Time: October 28, 2019, 11:05 am
Attempt: new_inquire Page View
-------------------------
Path: http://localhost/inventory2/index.php?page=new_inquire
Date & Time: October 28, 2019, 11:05 am
Attempt: new_inquire Page View
-------------------------
Path: http://localhost/inventory2/index.php?page=new_inquire
Date & Time: October 28, 2019, 11:05 am
Attempt: new_inquire Page View
-------------------------
Path: http://localhost/inventory2/index.php?page=new_inquire
Date & Time: October 28, 2019, 11:06 am
Attempt: new_inquire Page View
-------------------------
Path: http://localhost/inventory2/index.php?page=new_inquire
Date & Time: October 28, 2019, 11:11 am
Attempt: new_inquire Page View
-------------------------
Path: http://localhost/inventory2/index.php?page=new_inquire
Date & Time: October 28, 2019, 11:11 am
Attempt: new_inquire Page View
-------------------------
Path: http://localhost/inventory2/index.php?page=new_po
Date & Time: October 28, 2019, 11:12 am
Attempt: new_po Page View
-------------------------
Path: http://localhost/inventory2/index.php?page=new_po
Date & Time: October 28, 2019, 11:16 am
Attempt: new_po Page View
-------------------------
Path: http://localhost/inventory2/index.php?page=new_inquire
Date & Time: October 28, 2019, 11:20 am
Attempt: new_inquire Page View
-------------------------
Path: http://localhost/inventory2/index.php?page=new_inquire
Date & Time: October 28, 2019, 11:20 am
Attempt: new_inquire Page View
-------------------------
Path: http://localhost/inventory2/index.php?page=new_inquire
Date & Time: October 28, 2019, 11:21 am
Attempt: new_inquire Page View
-------------------------
Path: http://localhost/inventory2/index.php?page=new_inquire
Date & Time: October 28, 2019, 11:21 am
Attempt: new_inquire Page View
-------------------------
Path: http://localhost/inventory2/index.php?page=new_inquire
Date & Time: October 28, 2019, 11:21 am
Attempt: new_inquire Page View
-------------------------
Path: http://localhost/inventory2/index.php?page=new_inquire
Date & Time: October 28, 2019, 11:22 am
Attempt: new_inquire Page View
-------------------------
Path: http://localhost/inventory2/index.php?page=new_inquire
Date & Time: October 28, 2019, 11:22 am
Attempt: new_inquire Page View
-------------------------
Path: http://localhost/inventory2/index.php?page=new_inquire
Date & Time: October 28, 2019, 11:22 am
Attempt: new_inquire Page View
-------------------------
Path: http://localhost/inventory2/index.php?page=new_inquire
Date & Time: October 28, 2019, 11:22 am
Attempt: new_inquire Page View
-------------------------
Path: http://localhost/inventory2/index.php?page=new_inquire
Date & Time: October 28, 2019, 11:25 am
Attempt: new_inquire Page View
-------------------------
Path: http://localhost/inventory2/index.php?page=all_style
Date & Time: October 28, 2019, 11:25 am
Attempt: all_style Page View
-------------------------
Path: http://localhost/inventory2/index.php?page=single_style&id=10
Date & Time: October 28, 2019, 11:25 am
Attempt: single_style Page View
-------------------------
Path: http://localhost/inventory2/index.php?page=single_style
Date & Time: October 28, 2019, 11:25 am
Attempt: single_style Page View
-------------------------
Path: http://localhost/inventory2/index.php?page=new_inquire
Date & Time: October 28, 2019, 11:25 am
Attempt: new_inquire Page View
-------------------------
Path: http://localhost/inventory2/index.php?page=new_inquire
Date & Time: October 28, 2019, 11:27 am
Attempt: new_inquire Page View
-------------------------
Path: http://localhost/inventory2/index.php?page=all_style
Date & Time: October 28, 2019, 11:28 am
Attempt: all_style Page View
-------------------------
Path: http://localhost/inventory2/index.php?page=single_style&id=9
Date & Time: October 28, 2019, 11:28 am
Attempt: single_style Page View
-------------------------
Path: http://localhost/inventory2/index.php?page=single_style
Date & Time: October 28, 2019, 11:28 am
Attempt: single_style Page View
-------------------------
Path: http://localhost/inventory2/index.php?page=new_inquire
Date & Time: October 28, 2019, 11:28 am
Attempt: new_inquire Page View
-------------------------
Path: http://localhost/inventory2/index.php?page=single_style
Date & Time: October 28, 2019, 11:28 am
Attempt: single_style Page View
-------------------------
Path: http://localhost/inventory2/index.php?page=single_style
Date & Time: October 28, 2019, 11:28 am
Attempt: single_style Page View
-------------------------
Path: http://localhost/inventory2/index.php?page=new_inquire
Date & Time: October 28, 2019, 11:29 am
Attempt: new_inquire Page View
-------------------------
Path: http://localhost/inventory2/index.php?page=new_inquire
Date & Time: October 28, 2019, 11:29 am
Attempt: new_inquire Page View
-------------------------
Path: http://localhost/inventory2/index.php?page=all_po
Date & Time: October 28, 2019, 11:30 am
Attempt: all_po Page View
-------------------------
Path: http://localhost/inventory2/index.php?page=po_single&poid=2
Date & Time: October 28, 2019, 11:30 am
Attempt: po_single Page View
-------------------------
Path: http://localhost/inventory2/index.php?page=all_master_lc
Date & Time: October 28, 2019, 11:30 am
Attempt: all_master_lc Page View
-------------------------
Path: http://localhost/inventory2/index.php?page=single_masterlc&id=1
Date & Time: October 28, 2019, 11:30 am
Attempt: single_masterlc Page View
-------------------------
Path: http://localhost/inventory2/index.php?page=all_b2b_lc
Date & Time: October 28, 2019, 11:30 am
Attempt: all_b2b_lc Page View
-------------------------
Path: http://localhost/inventory2/index.php?page=all_pi
Date & Time: October 28, 2019, 11:30 am
Attempt: all_pi Page View
-------------------------
Path: http://localhost/inventory2/index.php?page=all_master_lc
Date & Time: October 28, 2019, 11:31 am
Attempt: all_master_lc Page View
-------------------------
Path: http://localhost/inventory2/index.php?page=single_masterlc&id=1
Date & Time: October 28, 2019, 11:31 am
Attempt: single_masterlc Page View
-------------------------
Path: http://localhost/inventory2/index.php?page=new_inquire
Date & Time: October 28, 2019, 11:31 am
Attempt: new_inquire Page View
-------------------------
Path: http://localhost/inventory2/index.php?page=new_inquire
Date & Time: October 28, 2019, 11:31 am
Attempt: new_inquire Page View
-------------------------
Path: http://localhost/inventory2/index.php?page=all_item
Date & Time: October 28, 2019, 11:32 am
Attempt: all_item Page View
-------------------------
Path: http://localhost/inventory2/index.php?page=all_style
Date & Time: October 28, 2019, 11:32 am
Attempt: all_style Page View
-------------------------
Path: http://localhost/inventory2/index.php?page=new_inquire
Date & Time: October 28, 2019, 11:32 am
Attempt: new_inquire Page View
-------------------------
Path: http://localhost/inventory2/index.php?page=all_po
Date & Time: October 28, 2019, 11:44 am
Attempt: all_po Page View
-------------------------
Path: http://localhost/inventory2/index.php?page=po_single&poid=2
Date & Time: October 28, 2019, 11:44 am
Attempt: po_single Page View
-------------------------
Path: http://localhost/inventory2/index.php?page=all_po
Date & Time: October 28, 2019, 11:46 am
Attempt: all_po Page View
-------------------------
Path: http://localhost/inventory2/index.php?page=po_single&poid=2
Date & Time: October 28, 2019, 11:46 am
Attempt: po_single Page View
-------------------------
Path: http://localhost/inventory2/index.php?page=all_po
Date & Time: October 28, 2019, 11:46 am
Attempt: all_po Page View
-------------------------
Path: http://localhost/inventory2/index.php?page=po_single&poid=1
Date & Time: October 28, 2019, 11:46 am
Attempt: po_single Page View
-------------------------
Path: http://localhost/inventory2/index.php?page=new_inquire
Date & Time: October 28, 2019, 11:51 am
Attempt: new_inquire Page View
-------------------------
Path: http://localhost/inventory2/index.php?page=new_po
Date & Time: October 28, 2019, 11:54 am
Attempt: new_po Page View
-------------------------
Path: http://localhost/inventory2/index.php?page=new_master_lc
Date & Time: October 28, 2019, 11:54 am
Attempt: new_master_lc Page View
-------------------------
Path: http://localhost/inventory2/index.php?page=new_inquire
Date & Time: October 28, 2019, 12:03 pm
Attempt: new_inquire Page View
-------------------------
Path: http://localhost/inventory2/index.php?page=new_inquire
Date & Time: October 28, 2019, 12:04 pm
Attempt: new_inquire Page View
-------------------------
Path: http://localhost/inventory2/index.php?page=new_inquire
Date & Time: October 28, 2019, 12:05 pm
Attempt: new_inquire Page View
-------------------------
Path: http://localhost/inventory2/index.php?page=new_inquire
Date & Time: October 28, 2019, 12:06 pm
Attempt: new_inquire Page View
-------------------------
Path: http://localhost/inventory2/index.php?page=new_style
Date & Time: October 28, 2019, 12:07 pm
Attempt: new_style Page View
-------------------------
Path: http://localhost/inventory2/index.php?page=all_po
Date & Time: October 28, 2019, 12:07 pm
Attempt: all_po Page View
-------------------------
Path: http://localhost/inventory2/index.php?page=po_single&poid=1
Date & Time: October 28, 2019, 12:07 pm
Attempt: po_single Page View
-------------------------
Path: http://localhost/inventory2/index.php?page=po_single&poid=1
Date & Time: October 28, 2019, 12:07 pm
Attempt: po_single Page View
-------------------------
Path: http://localhost/inventory2/index.php?page=new_inquire
Date & Time: October 28, 2019, 12:08 pm
Attempt: new_inquire Page View
-------------------------
Path: http://localhost/inventory2/index.php?page=home
Date & Time: October 28, 2019, 12:09 pm
Attempt: home Page View
-------------------------
Path: http://localhost/inventory2/
Date & Time: October 28, 2019, 12:09 pm
Attempt: Home Page View
-------------------------
Path: http://localhost/inventory2/logout.php
Date & Time: October 28, 2019, 12:10 pm
Attempt: Logout
-------------------------
Path: http://localhost/inventory2/login.php
Date & Time: October 28, 2019, 12:10 pm
Attempt: Login
-------------------------
Path: http://localhost/inventory2/index.php
Date & Time: October 28, 2019, 12:10 pm
Attempt: Home Page View
-------------------------
